  Compiling CUDA source file kernel.cu...
  
  C:\Users\f45a2)b's\source\repos\VMCObfuscator\VMCObfuscator>"C:\Program Files\NVIDIA GPU Computing Toolkit\CUDA\v13.0\bin\nvcc.exe" -gencode=arch=compute_75,code=\"sm_75,compute_75\" --use-local-env -ccbin "C:\Program Files\Microsoft Visual Studio\2022\Community\VC\Tools\MSVC\14.44.35207\bin\HostX64\x64" -x cu   -I"C:\Program Files\NVIDIA GPU Computing Toolkit\CUDA\v13.0\include" -I"C:\Users\f45a2)b's\source\repos\VMCObfuscator\VMCObfuscator\\ip" -I"C:\Users\f45a2)b's\source\repos\VMCObfuscator\VMCObfuscator\\osc" -I"C:\Users\f45a2)b's\source\repos\VMCObfuscator\VMCObfuscator\ip" -I"C:\Users\f45a2)b's\source\repos\VMCObfuscator\VMCObfuscator\osc" -I"C:\Users\f45a2)b's\source\repos\VMCObfuscator\VMCObfuscator\\" -I"C:\Program Files\NVIDIA GPU Computing Toolkit\CUDA\v13.0\include"     --keep-dir x64\Release  -maxrregcount=0    --machine 64 --compile -cudart static    -DNDEBUG -D_CONSOLE -D_UNICODE -DUNICODE -D_CRT_SECURE_NO_WARNINGS -D_WINSOCK_DEPRECATED_NO_WARNINGS -Xcompiler "/EHsc /W3 /nologo /O2 /FS   /MD " -Xcompiler "/Fdx64\Release\vc143.pdb" -o C:\Users\f45a2)b's\source\repos\VMCObfuscator\VMCObfuscator\x64\Release\kernel.cu.obj "C:\Users\f45a2)b's\source\repos\VMCObfuscator\VMCObfuscator\kernel.cu" 
  kernel.cu
  tmpxft_00009324_00000000-7_kernel.cudafe1.cpp
  IpEndpointName.cpp
  NetworkingUtils.cpp
  UdpSocket.cpp
  OscOutboundPacketStream.cpp
  OscPrintReceivedElements.cpp
  OscReceivedElements.cpp
  OscTypes.cpp
  VMCObfuscator.cpp
C:\Users\f45a2)b's\source\repos\VMCObfuscator\VMCObfuscator\VMCObfuscator.cpp(95,67): warning C4267: 'argument': conversion from 'size_t' to '_Ty', possible loss of data
C:\Users\f45a2)b's\source\repos\VMCObfuscator\VMCObfuscator\VMCObfuscator.cpp(95,67): warning C4267:         with
C:\Users\f45a2)b's\source\repos\VMCObfuscator\VMCObfuscator\VMCObfuscator.cpp(95,67): warning C4267:         [
C:\Users\f45a2)b's\source\repos\VMCObfuscator\VMCObfuscator\VMCObfuscator.cpp(95,67): warning C4267:             _Ty=int
C:\Users\f45a2)b's\source\repos\VMCObfuscator\VMCObfuscator\VMCObfuscator.cpp(95,67): warning C4267:         ]
  Generating code
  Previous IPDB not found, fall back to full compilation.
  All 674 functions were compiled because no usable IPDB/IOBJ from previous compilation was found.
  Finished generating code
  VMCObfuscator.vcxproj -> C:\Users\f45a2)b's\source\repos\VMCObfuscator\x64\Release\VMCObfuscator.exe
